This is e-pTeX, Version 3.1415926-p3.4-110825-2.6 (utf8.euc) (TeX Live 2013/Debian) (format=platex 2014.10.1)  17 DEC 2014 18:31
entering extended mode
 restricted \write18 enabled.
 %&-line parsing enabled.
**latex_hetare_template.tex
(/usr/share/texlive/texmf-dist/tex/latex/tools/q.tex
! Interruption.
<to be read again> 
                   \begingroup 
l.1 
    %%
? 
pLaTeX2e <2006/11/10> (based on LaTeX2e <2011/06/27> patch level 0)
Babel <3.9h> and hyphenation patterns for 11 languages loaded.
File ignored
)
! Emergency stop.
<*> latex_hetare_template.tex
                             
*** (job aborted, no legal \end found)

 
Here is how much of TeX's memory you used:
 6 strings out of 495129
 175 string characters out of 6182595
 49049 words of memory out of 5000000
 3450 multiletter control sequences out of 15000+600000
 7519 words of font info for 31 fonts, out of 8000000 for 9000
 80 hyphenation exceptions out of 8191
 5i,0n,1p,105b,8s stack positions out of 5000i,500n,10000p,200000b,80000s
No pages of output.
